<?xml version="1.0" encoding="UTF-8"?>
<testng-results ignored="0" total="2" passed="2" failed="0" skipped="0">
  <reporter-output>
  </reporter-output>
  <suite started-at="2023-06-22T09:13:24 EDT" name="Default suite" finished-at="2023-06-22T09:14:21 EDT" duration-ms="57380">
    <groups>
    </groups>
    <test started-at="2023-06-22T09:13:24 EDT" name="Default test" finished-at="2023-06-22T09:14:21 EDT" duration-ms="57380">
      <class name="testLayer.MyInfo">
        <test-method is-config="true" signature="before()[pri:0, instance:testLayer.MyInfo@1b7cc17c]" started-at="2023-06-22T09:13:25 EDT" name="before" finished-at="2023-06-22T09:13:30 EDT" duration-ms="5177" status="PASS">
          <reporter-output>
          </reporter-output>
        </test-method> <!-- before -->
        <test-method signature="myinfolinkclick(java.lang.String,java.lang.String,java.lang.String,java.lang.String,java.lang.String,java.lang.String,java.lang.String,java.lang.String,java.lang.String,java.lang.String,java.lang.String)[pri:0, instance:testLayer.MyInfo@1b7cc17c]" started-at="2023-06-22T09:13:30 EDT" name="myinfolinkclick" data-provider="Details" finished-at="2023-06-22T09:13:53 EDT" duration-ms="23188" status="PASS">
          <params>
            <param index="0">
              <value>
                <![CDATA[Ross]]>
              </value>
            </param>
            <param index="1">
              <value>
                <![CDATA[Ross2]]>
              </value>
            </param>
            <param index="2">
              <value>
                <![CDATA[London]]>
              </value>
            </param>
            <param index="3">
              <value>
                <![CDATA[Ontario]]>
              </value>
            </param>
            <param index="4">
              <value>
                <![CDATA[N5R3Y1]]>
              </value>
            </param>
            <param index="5">
              <value>
                <![CDATA[Canada]]>
              </value>
            </param>
            <param index="6">
              <value>
                <![CDATA[2.354565667E9]]>
              </value>
            </param>
            <param index="7">
              <value>
                <![CDATA[2.345653423E9]]>
              </value>
            </param>
            <param index="8">
              <value>
                <![CDATA[2.343454523E9]]>
              </value>
            </param>
            <param index="9">
              <value>
                <![CDATA[abc@gmail.com]]>
              </value>
            </param>
            <param index="10">
              <value>
                <![CDATA[xyz@gmail.com]]>
              </value>
            </param>
          </params>
          <reporter-output>
          </reporter-output>
        </test-method> <!-- myinfolinkclick -->
        <test-method is-config="true" signature="after()[pri:0, instance:testLayer.MyInfo@1b7cc17c]" started-at="2023-06-22T09:13:53 EDT" name="after" finished-at="2023-06-22T09:13:53 EDT" duration-ms="304" status="PASS">
          <reporter-output>
          </reporter-output>
        </test-method> <!-- after -->
        <test-method is-config="true" signature="before()[pri:0, instance:testLayer.MyInfo@1b7cc17c]" started-at="2023-06-22T09:13:53 EDT" name="before" finished-at="2023-06-22T09:13:58 EDT" duration-ms="4931" status="PASS">
          <reporter-output>
          </reporter-output>
        </test-method> <!-- before -->
        <test-method signature="myinfolinkclick(java.lang.String,java.lang.String,java.lang.String,java.lang.String,java.lang.String,java.lang.String,java.lang.String,java.lang.String,java.lang.String,java.lang.String,java.lang.String)[pri:0, instance:testLayer.MyInfo@1b7cc17c]" started-at="2023-06-22T09:13:58 EDT" name="myinfolinkclick" data-provider="Details" finished-at="2023-06-22T09:14:21 EDT" duration-ms="22571" status="PASS">
          <params>
            <param index="0">
              <value>
                <![CDATA[queen]]>
              </value>
            </param>
            <param index="1">
              <value>
                <![CDATA[queen2]]>
              </value>
            </param>
            <param index="2">
              <value>
                <![CDATA[stthomas]]>
              </value>
            </param>
            <param index="3">
              <value>
                <![CDATA[Ontario]]>
              </value>
            </param>
            <param index="4">
              <value>
                <![CDATA[N3Y1X3]]>
              </value>
            </param>
            <param index="5">
              <value>
                <![CDATA[Canada]]>
              </value>
            </param>
            <param index="6">
              <value>
                <![CDATA[6.534236567E9]]>
              </value>
            </param>
            <param index="7">
              <value>
                <![CDATA[9.825433857E9]]>
              </value>
            </param>
            <param index="8">
              <value>
                <![CDATA[9.123548756E9]]>
              </value>
            </param>
            <param index="9">
              <value>
                <![CDATA[workabc@gmail.com]]>
              </value>
            </param>
            <param index="10">
              <value>
                <![CDATA[abcother@gmail.com]]>
              </value>
            </param>
          </params>
          <reporter-output>
          </reporter-output>
        </test-method> <!-- myinfolinkclick -->
        <test-method is-config="true" signature="after()[pri:0, instance:testLayer.MyInfo@1b7cc17c]" started-at="2023-06-22T09:14:21 EDT" name="after" finished-at="2023-06-22T09:14:21 EDT" duration-ms="202" status="PASS">
          <reporter-output>
          </reporter-output>
        </test-method> <!-- after -->
      </class> <!-- testLayer.MyInfo -->
    </test> <!-- Default test -->
  </suite> <!-- Default suite -->
</testng-results>
